<?xml version="1.0" encoding="UTF-8"?>
<!-- Generated by org.testng.reporters.JUnitReportReporter -->
<testsuite hostname="LAPTOP-RC3D59B9" failures="0" tests="1" name="script.InvalidLogin" time="9.375" errors="0" timestamp="2023-11-08T11:40:00 IST" skipped="0">
  <testcase classname="script.InvalidLogin" name="testInvalidLogin" time="9.375"/>
  <system-out>
    <![CDATA[Execute in Grid:no
Browser is:chrome
Set ITO:7
Enter the URL:https://opensource-demo.orangehrmlive.com/
Maximize the browser
Set ETO:6
Close the browser]]>
  </system-out>
</testsuite> <!-- script.InvalidLogin -->
